# JRE version: OpenJDK Runtime Environment Temurin-17.0.18+8 (17.0.18+8) (build 17.0.18+8)
# Java VM: OpenJDK 64-Bit Server VM Temurin-17.0.18+8 (17.0.18+8, mixed mode, emulated-client, sharing, tiered, compressed oops, compressed class ptrs, g1 gc, windows-amd64)
GC Precious Log:
 CPUs: 4 total, 4 available
 Memory: 8071M
 Large Page Support: Disabled
 NUMA Support: Disabled
 Compressed Oops: Enabled (32-bit)
 Heap Region Size: 1M
 Heap Min Capacity: 8M
 Heap Initial Capacity: 128M
 Heap Max Capacity: 2018M
 Pre-touch: Disabled
 Parallel Workers: 4
 Concurrent Workers: 1
 Concurrent Refinement Workers: 4
 Periodic GC: Disabled
Heap:
 garbage-first heap   total 68608K, used 23281K [0x0000000081e00000, 0x0000000100000000)
  region size 1024K, 4 young (4096K), 4 survivors (4096K)
 Metaspace       used 27958K, committed 28416K, reserved 1114112K
  class space    used 3899K, committed 4096K, reserved 1048576K
GC Heap History (15 events):
Event: 1.873 GC heap before
{Heap before GC invocations=0 (full 0):
 garbage-first heap   total 131072K, used 14336K [0x0000000081e00000, 0x0000000100000000)
  region size 1024K, 13 young (13312K), 0 survivors (0K)
 Metaspace       used 3981K, committed 4096K, reserved 1114112K
  class space    used 476K, committed 512K, reserved 1048576K
}
Event: 1.912 GC heap after
{Heap after GC invocations=1 (full 0):
 garbage-first heap   total 131072K, used 8060K [0x0000000081e00000, 0x0000000100000000)
  region size 1024K, 2 young (2048K), 2 survivors (2048K)
 Metaspace       used 3981K, committed 4096K, reserved 1114112K
  class space    used 476K, committed 512K, reserved 1048576K
}
Event: 3.087 GC heap before
{Heap before GC invocations=1 (full 0):
 garbage-first heap   total 131072K, used 15228K [0x0000000081e00000, 0x0000000100000000)
  region size 1024K, 9 young (9216K), 2 survivors (2048K)
 Metaspace       used 6552K, committed 6784K, reserved 1114112K
  class space    used 820K, committed 896K, reserved 1048576K
}
Event: 3.093 GC heap after
{Heap after GC invocations=2 (full 0):
 garbage-first heap   total 131072K, used 8900K [0x0000000081e00000, 0x0000000100000000)
  region size 1024K, 1 young (1024K), 1 survivors (1024K)
 Metaspace       used 6552K, committed 6784K, reserved 1114112K
  class space    used 820K, committed 896K, reserved 1048576K
}
Event: 4.360 GC heap before
{Heap before GC invocations=2 (full 0):
 garbage-first heap   total 131072K, used 34500K [0x0000000081e00000, 0x0000000100000000)
  region size 1024K, 22 young (22528K), 1 survivors (1024K)
 Metaspace       used 9667K, committed 9920K, reserved 1114112K
  class space    used 1212K, committed 1280K, reserved 1048576K
}
Event: 4.369 GC heap after
{Heap after GC invocations=3 (full 0):
 garbage-first heap   total 131072K, used 12592K [0x0000000081e00000, 0x0000000100000000)
  region size 1024K, 3 young (3072K), 3 survivors (3072K)
 Metaspace       used 9667K, committed 9920K, reserved 1114112K
  class space    used 1212K, committed 1280K, reserved 1048576K
}
Event: 6.394 GC heap before
{Heap before GC invocations=3 (full 0):
 garbage-first heap   total 131072K, used 71984K [0x0000000081e00000, 0x0000000100000000)
  region size 1024K, 62 young (63488K), 3 survivors (3072K)
 Metaspace       used 21137K, committed 21504K, reserved 1114112K
  class space    used 2840K, committed 3008K, reserved 1048576K
}
Event: 6.406 GC heap after
{Heap after GC invocations=4 (full 0):
 garbage-first heap   total 131072K, used 17050K [0x0000000081e00000, 0x0000000100000000)
  region size 1024K, 8 young (8192K), 8 survivors (8192K)
 Metaspace       used 21137K, committed 21504K, reserved 1114112K
  class space    used 2840K, committed 3008K, reserved 1048576K
}
Event: 7.370 GC heap before
{Heap before GC invocations=5 (full 0):
 garbage-first heap   total 65536K, used 46746K [0x0000000081e00000, 0x0000000100000000)
  region size 1024K, 38 young (38912K), 8 survivors (8192K)
 Metaspace       used 23407K, committed 23872K, reserved 1114112K
  class space    used 3168K, committed 3392K, reserved 1048576K
}
Event: 7.388 GC heap after
{Heap after GC invocations=6 (full 0):
 garbage-first heap   total 65536K, used 19427K [0x0000000081e00000, 0x0000000100000000)
  region size 1024K, 3 young (3072K), 3 survivors (3072K)
 Metaspace       used 23407K, committed 23872K, reserved 1114112K
  class space    used 3168K, committed 3392K, reserved 1048576K
}
Event: 7.415 GC heap before
{Heap before GC invocations=6 (full 0):
 garbage-first heap   total 65536K, used 20451K [0x0000000081e00000, 0x0000000100000000)
  region size 1024K, 4 young (4096K), 3 survivors (3072K)
 Metaspace       used 23409K, committed 23872K, reserved 1114112K
  class space    used 3169K, committed 3392K, reserved 1048576K
}
Event: 7.427 GC heap after
{Heap after GC invocations=7 (full 0):
 garbage-first heap   total 65536K, used 20152K [0x0000000081e00000, 0x0000000100000000)
  region size 1024K, 1 young (1024K), 1 survivors (1024K)
 Metaspace       used 23409K, committed 23872K, reserved 1114112K
  class space    used 3169K, committed 3392K, reserved 1048576K
}
Event: 8.169 GC heap before
{Heap before GC invocations=7 (full 0):
 garbage-first heap   total 65536K, used 42680K [0x0000000081e00000, 0x0000000100000000)
  region size 1024K, 23 young (23552K), 1 survivors (1024K)
 Metaspace       used 25414K, committed 25856K, reserved 1114112K
  class space    used 3480K, committed 3712K, reserved 1048576K
}
Event: 8.183 GC heap after
{Heap after GC invocations=8 (full 0):
 garbage-first heap   total 65536K, used 21235K [0x0000000081e00000, 0x0000000100000000)
  region size 1024K, 2 young (2048K), 2 survivors (2048K)
 Metaspace       used 25414K, committed 25856K, reserved 1114112K
  class space    used 3480K, committed 3712K, reserved 1048576K
}
Event: 9.016 GC heap before
{Heap before GC invocations=8 (full 0):
 garbage-first heap   total 65536K, used 44787K [0x0000000081e00000, 0x0000000100000000)
  region size 1024K, 25 young (25600K), 2 survivors (2048K)
 Metaspace       used 27958K, committed 28416K, reserved 1114112K
  class space    used 3899K, committed 4096K, reserved 1048576K
}

